Arguments: 
  /usr/local/bin/node /usr/local/Cellar/yarn/1.22.5/libexec/bin/yarn.js

PATH: 
  /Users/yy17/apache-maven-3.8.1/bin:/Library/Java/JavaVirtualMachines/jdk1.8.0_191.jdk/Contents/Home/bin:/Library/Frameworks/Python.framework/Versions/3.8/bin:/usr/local/bin:/usr/bin:/bin:/usr/sbin:/sbin:/usr/local/mysql/bin

Yarn version: 
  1.22.5

Node version: 
  12.18.3

Platform: 
  darwin x64

Trace: 
  Error: https://github.com/hugomrdias/concat-stream.git/info/refs?service=git-upload-pack: ETIMEDOUT
      at Timeout._onTimeout (/usr/local/Cellar/yarn/1.22.5/libexec/lib/cli.js:141409:19)
      at listOnTimeout (internal/timers.js:549:17)
      at processTimers (internal/timers.js:492:7)

npm manifest: 
  {
    "name": "CA",
    "license": "UNLICENSED",
    "scripts": {
      "codegen": "graph codegen",
      "build": "graph build",
      "deploy": "graph deploy --node https://api.studio.thegraph.com/deploy/ CA",
      "create-local": "graph create --node http://localhost:8020/ CA",
      "remove-local": "graph remove --node http://localhost:8020/ CA",
      "deploy-local": "graph deploy --node http://localhost:8020/ --ipfs http://localhost:5001 CA"
    },
    "dependencies": {
      "@graphprotocol/graph-cli": "0.23.2",
      "@graphprotocol/graph-ts": "0.23.1"
    }
  }

yarn manifest: 
  No manifest

Lockfile: 
  No lockfile
